<?xml version="1.0" encoding="UTF-8"?>
<testsuite xmlns:xsi="http://www.w3.org/2001/XMLSchema-instance" xsi:noNamespaceSchemaLocation="https://maven.apache.org/surefire/maven-surefire-plugin/xsd/surefire-test-report-3.0.xsd" version="3.0" name="fr.umlv.structconc.VectorizedTest" time="0.458" tests="35" errors="0" skipped="0" failures="0">
  <properties>
    <property name="java.specification.version" value="15"/>
    <property name="sun.jnu.encoding" value="UTF-8"/>
    <property name="java.class.path" value="/home/judi/repos-git/collections-concurrentes/lab5/target/test-classes:/home/judi/.m2/repository/org/junit/jupiter/junit-jupiter-api/5.6.2/junit-jupiter-api-5.6.2.jar:/home/judi/.m2/repository/org/apiguardian/apiguardian-api/1.1.0/apiguardian-api-1.1.0.jar:/home/judi/.m2/repository/org/opentest4j/opentest4j/1.2.0/opentest4j-1.2.0.jar:/home/judi/.m2/repository/org/junit/platform/junit-platform-commons/1.6.2/junit-platform-commons-1.6.2.jar:/home/judi/.m2/repository/org/junit/jupiter/junit-jupiter-params/5.6.2/junit-jupiter-params-5.6.2.jar:/home/judi/.m2/repository/org/junit/jupiter/junit-jupiter-engine/5.6.2/junit-jupiter-engine-5.6.2.jar:/home/judi/.m2/repository/org/junit/platform/junit-platform-engine/1.6.2/junit-platform-engine-1.6.2.jar:/home/judi/.m2/repository/net/sf/jopt-simple/jopt-simple/4.6/jopt-simple-4.6.jar:/home/judi/.m2/repository/org/apache/commons/commons-math3/3.2/commons-math3-3.2.jar:"/>
    <property name="java.vm.vendor" value="Oracle Corporation"/>
    <property name="sun.arch.data.model" value="64"/>
    <property name="java.vendor.url" value="https://openjdk.java.net/"/>
    <property name="os.name" value="Linux"/>
    <property name="java.vm.specification.version" value="15"/>
    <property name="sun.java.launcher" value="SUN_STANDARD"/>
    <property name="user.country" value="GB"/>
    <property name="sun.boot.library.path" value="/home/judi/libs/jdk-15-vector/lib"/>
    <property name="sun.java.command" value="org.apache.maven.surefire.booter.ForkedBooter /home/judi/repos-git/collections-concurrentes/lab5/target/surefire 2020-04-21T21-48-03_257-jvmRun1 surefire5964193240223459223tmp surefire_03719423522151976473tmp"/>
    <property name="jdk.debug" value="release"/>
    <property name="surefire.test.class.path" value="/home/judi/repos-git/collections-concurrentes/lab5/target/test-classes:/home/judi/.m2/repository/org/junit/jupiter/junit-jupiter-api/5.6.2/junit-jupiter-api-5.6.2.jar:/home/judi/.m2/repository/org/apiguardian/apiguardian-api/1.1.0/apiguardian-api-1.1.0.jar:/home/judi/.m2/repository/org/opentest4j/opentest4j/1.2.0/opentest4j-1.2.0.jar:/home/judi/.m2/repository/org/junit/platform/junit-platform-commons/1.6.2/junit-platform-commons-1.6.2.jar:/home/judi/.m2/repository/org/junit/jupiter/junit-jupiter-params/5.6.2/junit-jupiter-params-5.6.2.jar:/home/judi/.m2/repository/org/junit/jupiter/junit-jupiter-engine/5.6.2/junit-jupiter-engine-5.6.2.jar:/home/judi/.m2/repository/org/junit/platform/junit-platform-engine/1.6.2/junit-platform-engine-1.6.2.jar:/home/judi/.m2/repository/net/sf/jopt-simple/jopt-simple/4.6/jopt-simple-4.6.jar:/home/judi/.m2/repository/org/apache/commons/commons-math3/3.2/commons-math3-3.2.jar:"/>
    <property name="sun.cpu.endian" value="little"/>
    <property name="user.home" value="/home/judi"/>
    <property name="user.language" value="en"/>
    <property name="java.specification.vendor" value="Oracle Corporation"/>
    <property name="jdk.module.path" value="/home/judi/repos-git/collections-concurrentes/lab5/target/classes:/home/judi/.m2/repository/org/openjdk/jmh/jmh-core/1.23/jmh-core-1.23.jar:/home/judi/.m2/repository/org/openjdk/jmh/jmh-generator-annprocess/1.23/jmh-generator-annprocess-1.23.jar"/>
    <property name="java.version.date" value="2020-09-15"/>
    <property name="java.home" value="/home/judi/libs/jdk-15-vector"/>
    <property name="file.separator" value="/"/>
    <property name="basedir" value="/home/judi/repos-git/collections-concurrentes/lab5"/>
    <property name="java.vm.compressedOopsMode" value="32-bit"/>
    <property name="line.separator" value="&#10;"/>
    <property name="java.specification.name" value="Java Platform API Specification"/>
    <property name="java.vm.specification.vendor" value="Oracle Corporation"/>
    <property name="surefire.real.class.path" value="/home/judi/.m2/repository/org/apache/maven/surefire/surefire-booter/3.0.0-M4/surefire-booter-3.0.0-M4.jar:/home/judi/.m2/repository/org/apache/maven/surefire/surefire-api/3.0.0-M4/surefire-api-3.0.0-M4.jar:/home/judi/.m2/repository/org/apache/maven/surefire/surefire-logger-api/3.0.0-M4/surefire-logger-api-3.0.0-M4.jar:/home/judi/repos-git/collections-concurrentes/lab5/target/test-classes:/home/judi/.m2/repository/org/junit/jupiter/junit-jupiter-api/5.6.2/junit-jupiter-api-5.6.2.jar:/home/judi/.m2/repository/org/apiguardian/apiguardian-api/1.1.0/apiguardian-api-1.1.0.jar:/home/judi/.m2/repository/org/opentest4j/opentest4j/1.2.0/opentest4j-1.2.0.jar:/home/judi/.m2/repository/org/junit/platform/junit-platform-commons/1.6.2/junit-platform-commons-1.6.2.jar:/home/judi/.m2/repository/org/junit/jupiter/junit-jupiter-params/5.6.2/junit-jupiter-params-5.6.2.jar:/home/judi/.m2/repository/org/junit/jupiter/junit-jupiter-engine/5.6.2/junit-jupiter-engine-5.6.2.jar:/home/judi/.m2/repository/org/junit/platform/junit-platform-engine/1.6.2/junit-platform-engine-1.6.2.jar:/home/judi/.m2/repository/net/sf/jopt-simple/jopt-simple/4.6/jopt-simple-4.6.jar:/home/judi/.m2/repository/org/apache/commons/commons-math3/3.2/commons-math3-3.2.jar:/home/judi/.m2/repository/org/apache/maven/surefire/surefire-junit-platform/3.0.0-M4/surefire-junit-platform-3.0.0-M4.jar:/home/judi/.m2/repository/org/apache/maven/surefire/common-java5/3.0.0-M4/common-java5-3.0.0-M4.jar:/home/judi/.m2/repository/org/junit/platform/junit-platform-launcher/1.6.2/junit-platform-launcher-1.6.2.jar"/>
    <property name="sun.management.compiler" value="HotSpot 64-Bit Tiered Compilers"/>
    <property name="java.runtime.version" value="15-dev+0-1ecbddb2f312"/>
    <property name="user.name" value="judi"/>
    <property name="path.separator" value=":"/>
    <property name="os.version" value="5.4.33-3-MANJARO"/>
    <property name="java.runtime.name" value="OpenJDK Runtime Environment"/>
    <property name="file.encoding" value="UTF-8"/>
    <property name="java.vm.name" value="OpenJDK 64-Bit Server VM"/>
    <property name="localRepository" value="/home/judi/.m2/repository"/>
    <property name="java.vendor.url.bug" value="https://bugreport.java.com/bugreport/"/>
    <property name="java.io.tmpdir" value="/tmp"/>
    <property name="java.version" value="15-dev"/>
    <property name="user.dir" value="/home/judi/repos-git/collections-concurrentes/lab5"/>
    <property name="os.arch" value="amd64"/>
    <property name="java.vm.specification.name" value="Java Virtual Machine Specification"/>
    <property name="java.library.path" value="/usr/java/packages/lib:/usr/lib64:/lib64:/lib:/usr/lib"/>
    <property name="java.vm.info" value="mixed mode"/>
    <property name="java.vendor" value="N/A"/>
    <property name="java.vm.version" value="15-dev+0-1ecbddb2f312"/>
    <property name="sun.io.unicode.encoding" value="UnicodeLittle"/>
    <property name="java.class.version" value="59.0"/>
  </properties>
  <testcase name="sumReduceLaneTest([I, int)" classname="fr.umlv.structconc.VectorizedTest" time="0.034"/>
  <testcase name="sumReduceLaneTest([I, int)" classname="fr.umlv.structconc.VectorizedTest" time="0.002"/>
  <testcase name="sumReduceLaneTest([I, int)" classname="fr.umlv.structconc.VectorizedTest" time="0.018"/>
  <testcase name="sumReduceLaneTest([I, int)" classname="fr.umlv.structconc.VectorizedTest" time="0.001"/>
  <testcase name="sumReduceLaneTest([I, int)" classname="fr.umlv.structconc.VectorizedTest" time="0.004"/>
  <testcase name="sumReduceLaneTest([I, int)" classname="fr.umlv.structconc.VectorizedTest" time="0.015"/>
  <testcase name="sumReduceLaneTest([I, int)" classname="fr.umlv.structconc.VectorizedTest" time="0.04"/>
  <testcase name="sumLanewiseTest([I, int)" classname="fr.umlv.structconc.VectorizedTest" time="0.004"/>
  <testcase name="sumLanewiseTest([I, int)" classname="fr.umlv.structconc.VectorizedTest" time="0.001"/>
  <testcase name="sumLanewiseTest([I, int)" classname="fr.umlv.structconc.VectorizedTest" time="0.001"/>
  <testcase name="sumLanewiseTest([I, int)" classname="fr.umlv.structconc.VectorizedTest" time="0"/>
  <testcase name="sumLanewiseTest([I, int)" classname="fr.umlv.structconc.VectorizedTest" time="0.001"/>
  <testcase name="sumLanewiseTest([I, int)" classname="fr.umlv.structconc.VectorizedTest" time="0.006"/>
  <testcase name="sumLanewiseTest([I, int)" classname="fr.umlv.structconc.VectorizedTest" time="0.009"/>
  <testcase name="sumLoopTest([I, int)" classname="fr.umlv.structconc.VectorizedTest" time="0.001"/>
  <testcase name="sumLoopTest([I, int)" classname="fr.umlv.structconc.VectorizedTest" time="0"/>
  <testcase name="sumLoopTest([I, int)" classname="fr.umlv.structconc.VectorizedTest" time="0.001"/>
  <testcase name="sumLoopTest([I, int)" classname="fr.umlv.structconc.VectorizedTest" time="0.001"/>
  <testcase name="sumLoopTest([I, int)" classname="fr.umlv.structconc.VectorizedTest" time="0.001"/>
  <testcase name="sumLoopTest([I, int)" classname="fr.umlv.structconc.VectorizedTest" time="0.002"/>
  <testcase name="sumLoopTest([I, int)" classname="fr.umlv.structconc.VectorizedTest" time="0.012"/>
  <testcase name="differenceLoopTest([I, int)" classname="fr.umlv.structconc.VectorizedTest" time="0"/>
  <testcase name="differenceLoopTest([I, int)" classname="fr.umlv.structconc.VectorizedTest" time="0"/>
  <testcase name="differenceLoopTest([I, int)" classname="fr.umlv.structconc.VectorizedTest" time="0"/>
  <testcase name="differenceLoopTest([I, int)" classname="fr.umlv.structconc.VectorizedTest" time="0.001"/>
  <testcase name="differenceLoopTest([I, int)" classname="fr.umlv.structconc.VectorizedTest" time="0.002"/>
  <testcase name="differenceLoopTest([I, int)" classname="fr.umlv.structconc.VectorizedTest" time="0.001"/>
  <testcase name="differenceLoopTest([I, int)" classname="fr.umlv.structconc.VectorizedTest" time="0.018"/>
  <testcase name="differenceLanewiseTest([I, int)" classname="fr.umlv.structconc.VectorizedTest" time="0"/>
  <testcase name="differenceLanewiseTest([I, int)" classname="fr.umlv.structconc.VectorizedTest" time="0.001"/>
  <testcase name="differenceLanewiseTest([I, int)" classname="fr.umlv.structconc.VectorizedTest" time="0.001"/>
  <testcase name="differenceLanewiseTest([I, int)" classname="fr.umlv.structconc.VectorizedTest" time="0.004"/>
  <testcase name="differenceLanewiseTest([I, int)" classname="fr.umlv.structconc.VectorizedTest" time="0.001"/>
  <testcase name="differenceLanewiseTest([I, int)" classname="fr.umlv.structconc.VectorizedTest" time="0.003"/>
  <testcase name="differenceLanewiseTest([I, int)" classname="fr.umlv.structconc.VectorizedTest" time="0.016"/>
</testsuite>